<?xml version="1.0" encoding="utf-8"?><testsuites name="pytest tests"><testsuite name="pytest" errors="0" failures="0" skipped="0" tests="37" time="5.514" timestamp="2026-08-03T22:35:27.213318+00:00" hostname="agent-env-88939a41-fbde-4b9a-a4d0-07ef542f56cc"><testcase classname="tests.backend_test.TestAnalytics" name="test_visit_valid_page" time="0.172" /><testcase classname="tests.backend_test.TestCerts" name="test_categories" time="0.174" /><testcase classname="tests.backend_test.TestAnalytics" name="test_visit_invalid_page" time="0.187" /><testcase classname="tests.backend_test.TestCerts" name="test_create_requires_auth" time="0.105" /><testcase classname="tests.backend_test.TestAnalytics" name="test_summary_requires_auth" time="0.276" /><testcase classname="tests.backend_test.TestCerts" name="test_create_invalid_category" time="0.451" /><testcase classname="tests.backend_test.TestCerts" name="test_create_cert" time="0.258" /><testcase classname="tests.backend_test.TestCerts" name="test_list_cert" time="0.103" /><testcase classname="tests.backend_test.TestAnalytics" name="test_cert_view_increments" time="1.086" /><testcase classname="tests.backend_test.TestCerts" name="test_update_cert" time="0.105" /><testcase classname="tests.backend_test.TestCerts" name="test_delete_cert" time="0.207" /><testcase classname="tests.backend_test.TestContact" name="test_submit_message" time="0.107" /><testcase classname="tests.backend_test.TestContact" name="test_list_requires_auth" time="0.113" /><testcase classname="tests.backend_test.TestContact" name="test_list_messages" time="0.146" /><testcase classname="tests.backend_test.TestAnalytics" name="test_summary_totals_increase" time="0.437" /><testcase classname="tests.backend_test.TestContact" name="test_delete_message" time="0.116" /><testcase classname="tests.backend_test.TestVerifyUrlAndReorder" name="test_verify_url_count_and_order_field" time="0.170" /><testcase classname="tests.backend_test.TestVerifyUrlAndReorder" name="test_certs_sorted_by_order_within_category" time="0.152" /><testcase classname="tests.backend_test.TestPages" name="test_get_all_pages" time="0.100" /><testcase classname="tests.backend_test.TestVerifyUrlAndReorder" name="test_reorder_requires_auth" time="0.099" /><testcase classname="tests.backend_test.TestPages" name="test_get_home" time="0.116" /><testcase classname="tests.backend_test.TestVerifyUrlAndReorder" name="test_create_with_verify_url_update_clear_and_reorder" time="1.105" /><testcase classname="tests.backend_test.TestPages" name="test_update_home_requires_auth" time="0.108" /><testcase classname="tests.backend_test.TestPages" name="test_update_home_with_auth_and_revert" time="0.469" /><testcase classname="tests.backend_test.TestAuth" name="test_login_wrong_password" time="0.356" /><testcase classname="tests.backend_test.TestAuth" name="test_me_with_bearer" time="0.100" /><testcase classname="tests.backend_test.TestAuth" name="test_me_without_auth" time="0.097" /><testcase classname="tests.test_iteration5" name="test_specific_verify_urls_applied" time="0.112" /><testcase classname="tests.backend_test.TestUpload" name="test_upload_requires_auth" time="0.101" /><testcase classname="tests.test_iteration5" name="test_ccna_specific_url" time="0.099" /><testcase classname="tests.backend_test.TestUpload" name="test_upload_png" time="0.251" /><testcase classname="tests.test_iteration5" name="test_contact_page_has_socials" time="0.171" /><testcase classname="tests.test_iteration5" name="test_gen_ai_cert_has_no_file_but_verify" time="0.123" /><testcase classname="tests.backend_test.TestCertsBulk" name="test_35_certs_and_thumbs" time="0.113" /><testcase classname="tests.backend_test.TestMarkRead" name="test_mark_read_flow" time="0.648" /><testcase classname="tests.backend_test.TestCertsBulk" name="test_upload_pdf_generates_thumb" time="0.431" /><testcase classname="tests.backend_test.TestVerifyUrlClear" name="test_clear_sentinel" time="0.466" /></testsuite></testsuites>