<?xml version="1.0" encoding="utf-8"?><testsuites name="pytest tests"><testsuite name="pytest" errors="0" failures="0" skipped="0" tests="11" time="1.871" timestamp="2026-08-03T22:49:12.594807+00:00" hostname="agent-env-88939a41-fbde-4b9a-a4d0-07ef542f56cc"><testcase classname="tests.test_iteration6.TestBlogPublic" name="test_list_returns_published_only_without_content" time="0.255" /><testcase classname="tests.test_iteration6.TestBlogAdminAuth" name="test_admin_list_requires_auth" time="0.332" /><testcase classname="tests.test_iteration6.TestBlogPublic" name="test_get_seeded_post" time="0.096" /><testcase classname="tests.test_iteration6.TestBlogAdminAuth" name="test_create_requires_auth" time="0.146" /><testcase classname="tests.test_iteration6.TestBlogPublic" name="test_nonexistent_slug_404" time="0.043" /><testcase classname="tests.test_iteration6.TestCertifications" name="test_total_37_and_google_9" time="0.045" /><testcase classname="tests.test_iteration6.TestCertifications" name="test_new_google_pdfs_have_thumbs" time="0.047" /><testcase classname="tests.test_iteration6.TestBlogAdminAuth" name="test_update_requires_auth" time="0.284" /><testcase classname="tests.test_iteration6.TestBlogCRUD" name="test_full_crud_flow" time="0.817" /><testcase classname="tests.test_iteration6.TestBlogAdminAuth" name="test_delete_requires_auth" time="0.158" /><testcase classname="tests.test_iteration6.TestBlogCRUD" name="test_seeded_post_preserved" time="0.084" /></testsuite></testsuites>