<?xml version="1.0" encoding="utf-8"?><testsuites name="pytest tests"><testsuite name="pytest" errors="0" failures="0" skipped="0" tests="33" time="5.933" timestamp="2026-08-03T22:21:02.280262+00:00" hostname="agent-env-88939a41-fbde-4b9a-a4d0-07ef542f56cc"><testcase classname="tests.backend_test.TestAnalytics" name="test_visit_valid_page" time="0.154" /><testcase classname="tests.backend_test.TestCerts" name="test_categories" time="0.304" /><testcase classname="tests.backend_test.TestAnalytics" name="test_visit_invalid_page" time="0.110" /><testcase classname="tests.backend_test.TestAnalytics" name="test_summary_requires_auth" time="0.102" /><testcase classname="tests.backend_test.TestCerts" name="test_create_requires_auth" time="0.111" /><testcase classname="tests.backend_test.TestAnalytics" name="test_cert_view_increments" time="1.255" /><testcase classname="tests.backend_test.TestCerts" name="test_create_invalid_category" time="0.643" /><testcase classname="tests.backend_test.TestCerts" name="test_create_cert" time="0.099" /><testcase classname="tests.backend_test.TestCerts" name="test_list_cert" time="0.104" /><testcase classname="tests.backend_test.TestCerts" name="test_update_cert" time="0.115" /><testcase classname="tests.backend_test.TestCerts" name="test_delete_cert" time="0.222" /><testcase classname="tests.backend_test.TestContact" name="test_submit_message" time="0.105" /><testcase classname="tests.backend_test.TestAnalytics" name="test_summary_totals_increase" time="0.529" /><testcase classname="tests.backend_test.TestContact" name="test_list_requires_auth" time="0.126" /><testcase classname="tests.backend_test.TestContact" name="test_list_messages" time="0.107" /><testcase classname="tests.backend_test.TestContact" name="test_delete_message" time="0.166" /><testcase classname="tests.backend_test.TestVerifyUrlAndReorder" name="test_verify_url_count_and_order_field" time="0.102" /><testcase classname="tests.backend_test.TestPages" name="test_get_all_pages" time="0.125" /><testcase classname="tests.backend_test.TestVerifyUrlAndReorder" name="test_certs_sorted_by_order_within_category" time="0.102" /><testcase classname="tests.backend_test.TestPages" name="test_get_home" time="0.136" /><testcase classname="tests.backend_test.TestVerifyUrlAndReorder" name="test_reorder_requires_auth" time="0.154" /><testcase classname="tests.backend_test.TestPages" name="test_update_home_requires_auth" time="0.121" /><testcase classname="tests.backend_test.TestVerifyUrlAndReorder" name="test_create_with_verify_url_update_clear_and_reorder" time="0.963" /><testcase classname="tests.backend_test.TestPages" name="test_update_home_with_auth_and_revert" time="0.465" /><testcase classname="tests.backend_test.TestUpload" name="test_upload_requires_auth" time="0.130" /><testcase classname="tests.backend_test.TestUpload" name="test_upload_png" time="0.228" /><testcase classname="tests.backend_test.TestCertsBulk" name="test_35_certs_and_thumbs" time="0.112" /><testcase classname="tests.backend_test.TestAuth" name="test_login_wrong_password" time="0.362" /><testcase classname="tests.backend_test.TestCertsBulk" name="test_upload_pdf_generates_thumb" time="0.704" /><testcase classname="tests.backend_test.TestAuth" name="test_me_with_bearer" time="0.114" /><testcase classname="tests.backend_test.TestAuth" name="test_me_without_auth" time="0.126" /><testcase classname="tests.backend_test.TestMarkRead" name="test_mark_read_flow" time="0.710" /><testcase classname="tests.backend_test.TestVerifyUrlClear" name="test_clear_sentinel" time="0.467" /></testsuite></testsuites>